2025-03-07T09:19:03+00:00 Uncaught Error: Call to a member function bind_param() on bool in C:\xampp\htdocs\wordpress\contents\themes\tutorstarter\template\thptqg\template-get-mark-thptqg.php:31
Stack trace:
#0 C:\xampp\htdocs\wordpress\contents\plugins\insert-headers-and-footers\includes\class-wpcode-snippet-execute.php(419) : eval()'d code(1547): include()
#1 C:\xampp\htdocs\wordpress\wp-includes\class-wp-hook.php(324): WPCode_Snippet_Execute->{closure}('')
#2 C:\xampp\htdocs\wordpress\wp-includes\class-wp-hook.php(348): WP_Hook->apply_filters(NULL, Array)
#3 C:\xampp\htdocs\wordpress\wp-includes\plugin.php(517): WP_Hook->do_action(Array)
#4 C:\xampp\htdocs\wordpress\wp-includes\template-loader.php(13): do_action('template_redire...')
#5 C:\xampp\htdocs\wordpress\wp-blog-header.php(19): require_once('C:\\xampp\\htdocs...')
#6 C:\xampp\htdocs\wordpress\index.php(17): require('C:\\xampp\\htdocs...')
#7 {main}
  thrown
2025-03-07T09:19:05+00:00 Uncaught Error: Call to a member function bind_param() on bool in C:\xampp\htdocs\wordpress\contents\themes\tutorstarter\template\thptqg\template-get-mark-thptqg.php:31
Stack trace:
#0 C:\xampp\htdocs\wordpress\contents\plugins\insert-headers-and-footers\includes\class-wpcode-snippet-execute.php(419) : eval()'d code(1547): include()
#1 C:\xampp\htdocs\wordpress\wp-includes\class-wp-hook.php(324): WPCode_Snippet_Execute->{closure}('')
#2 C:\xampp\htdocs\wordpress\wp-includes\class-wp-hook.php(348): WP_Hook->apply_filters(NULL, Array)
#3 C:\xampp\htdocs\wordpress\wp-includes\plugin.php(517): WP_Hook->do_action(Array)
#4 C:\xampp\htdocs\wordpress\wp-includes\template-loader.php(13): do_action('template_redire...')
#5 C:\xampp\htdocs\wordpress\wp-blog-header.php(19): require_once('C:\\xampp\\htdocs...')
#6 C:\xampp\htdocs\wordpress\index.php(17): require('C:\\xampp\\htdocs...')
#7 {main}
  thrown
2025-03-07T09:30:51+00:00 Uncaught Error: Call to a member function bind_param() on bool in C:\xampp\htdocs\wordpress\contents\themes\tutorstarter\template\thptqg\template-get-mark-thptqg.php:31
Stack trace:
#0 C:\xampp\htdocs\wordpress\contents\plugins\insert-headers-and-footers\includes\class-wpcode-snippet-execute.php(419) : eval()'d code(1547): include()
#1 C:\xampp\htdocs\wordpress\wp-includes\class-wp-hook.php(324): WPCode_Snippet_Execute->{closure}('')
#2 C:\xampp\htdocs\wordpress\wp-includes\class-wp-hook.php(348): WP_Hook->apply_filters(NULL, Array)
#3 C:\xampp\htdocs\wordpress\wp-includes\plugin.php(517): WP_Hook->do_action(Array)
#4 C:\xampp\htdocs\wordpress\wp-includes\template-loader.php(13): do_action('template_redire...')
#5 C:\xampp\htdocs\wordpress\wp-blog-header.php(19): require_once('C:\\xampp\\htdocs...')
#6 C:\xampp\htdocs\wordpress\index.php(17): require('C:\\xampp\\htdocs...')
#7 {main}
  thrown
2025-03-07T09:30:53+00:00 Uncaught Error: Call to a member function bind_param() on bool in C:\xampp\htdocs\wordpress\contents\themes\tutorstarter\template\thptqg\template-get-mark-thptqg.php:31
Stack trace:
#0 C:\xampp\htdocs\wordpress\contents\plugins\insert-headers-and-footers\includes\class-wpcode-snippet-execute.php(419) : eval()'d code(1547): include()
#1 C:\xampp\htdocs\wordpress\wp-includes\class-wp-hook.php(324): WPCode_Snippet_Execute->{closure}('')
#2 C:\xampp\htdocs\wordpress\wp-includes\class-wp-hook.php(348): WP_Hook->apply_filters(NULL, Array)
#3 C:\xampp\htdocs\wordpress\wp-includes\plugin.php(517): WP_Hook->do_action(Array)
#4 C:\xampp\htdocs\wordpress\wp-includes\template-loader.php(13): do_action('template_redire...')
#5 C:\xampp\htdocs\wordpress\wp-blog-header.php(19): require_once('C:\\xampp\\htdocs...')
#6 C:\xampp\htdocs\wordpress\index.php(17): require('C:\\xampp\\htdocs...')
#7 {main}
  thrown
2025-03-07T23:46:35+00:00 Cannot redeclare update_notation() (previously declared in C:\xampp\htdocs\wordpress\contents\plugins\insert-headers-and-footers\includes\class-wpcode-snippet-execute.php(419) : eval()'d code:2)
