2025-02-14T15:10:28+00:00 Uncaught Error: Call to undefined function checkGrammarAndSpelling() in C:\xampp\htdocs\wordpress\contents\themes\tutorstarter\template\custom-api\tests\ieltsWriting.php:26
Stack trace:
#0 C:\xampp\htdocs\wordpress\contents\plugins\insert-headers-and-footers\includes\class-wpcode-snippet-execute.php(419) : eval()'d code(498): include()
#1 C:\xampp\htdocs\wordpress\wp-includes\class-wp-hook.php(324): my_custom_api_route_redirect('')
#2 C:\xampp\htdocs\wordpress\wp-includes\class-wp-hook.php(348): WP_Hook->apply_filters(NULL, Array)
#3 C:\xampp\htdocs\wordpress\wp-includes\plugin.php(517): WP_Hook->do_action(Array)
#4 C:\xampp\htdocs\wordpress\wp-includes\template-loader.php(13): do_action('template_redire...')
#5 C:\xampp\htdocs\wordpress\wp-blog-header.php(19): require_once('C:\\xampp\\htdocs...')
#6 C:\xampp\htdocs\wordpress\index.php(17): require('C:\\xampp\\htdocs...')
#7 {main}
  thrown
2025-02-14T15:10:41+00:00 Uncaught Error: Call to undefined function checkGrammarAndSpelling() in C:\xampp\htdocs\wordpress\contents\themes\tutorstarter\template\custom-api\tests\ieltsWriting.php:26
Stack trace:
#0 C:\xampp\htdocs\wordpress\contents\plugins\insert-headers-and-footers\includes\class-wpcode-snippet-execute.php(419) : eval()'d code(498): include()
#1 C:\xampp\htdocs\wordpress\wp-includes\class-wp-hook.php(324): my_custom_api_route_redirect('')
#2 C:\xampp\htdocs\wordpress\wp-includes\class-wp-hook.php(348): WP_Hook->apply_filters(NULL, Array)
#3 C:\xampp\htdocs\wordpress\wp-includes\plugin.php(517): WP_Hook->do_action(Array)
#4 C:\xampp\htdocs\wordpress\wp-includes\template-loader.php(13): do_action('template_redire...')
#5 C:\xampp\htdocs\wordpress\wp-blog-header.php(19): require_once('C:\\xampp\\htdocs...')
#6 C:\xampp\htdocs\wordpress\index.php(17): require('C:\\xampp\\htdocs...')
#7 {main}
  thrown
