2025-01-28T10:39:31+00:00 Snippet "Add result test online to database" (#66) was automatically deactivated due to a fatal error.
2025-01-28T10:39:31+00:00 Undefined variable $id_test
2025-01-28T10:49:15+00:00 Snippet "Add result test online to database" (#66) was automatically deactivated due to a fatal error.
2025-01-28T10:49:15+00:00 Undefined variable $id_test
2025-01-28T10:50:46+00:00 Snippet "Add result test online to database" (#66) was automatically deactivated due to a fatal error.
2025-01-28T10:50:46+00:00 Undefined variable $id_test
2025-01-28T11:03:52+00:00 Snippet "Add result test online to database" (#66) was automatically deactivated due to a fatal error.
2025-01-28T11:03:53+00:00 Undefined array key "$test_type"
2025-01-28T11:39:28+00:00 Uncaught ValueError: Path cannot be empty in C:\xampp\htdocs\wordpress\contents\plugins\insert-headers-and-footers\includes\class-wpcode-snippet-execute.php(419) : eval()'d code:993
Stack trace:
#0 C:\xampp\htdocs\wordpress\wp-includes\class-wp-hook.php(324): my_video_template_redirect('')
#1 C:\xampp\htdocs\wordpress\wp-includes\class-wp-hook.php(348): WP_Hook->apply_filters(NULL, Array)
#2 C:\xampp\htdocs\wordpress\wp-includes\plugin.php(517): WP_Hook->do_action(Array)
#3 C:\xampp\htdocs\wordpress\wp-includes\template-loader.php(13): do_action('template_redire...')
#4 C:\xampp\htdocs\wordpress\wp-blog-header.php(19): require_once('C:\\xampp\\htdocs...')
#5 C:\xampp\htdocs\wordpress\index.php(17): require('C:\\xampp\\htdocs...')
#6 {main}
  thrown
2025-01-28T11:39:38+00:00 Uncaught ValueError: Path cannot be empty in C:\xampp\htdocs\wordpress\contents\plugins\insert-headers-and-footers\includes\class-wpcode-snippet-execute.php(419) : eval()'d code:993
Stack trace:
#0 C:\xampp\htdocs\wordpress\wp-includes\class-wp-hook.php(324): my_video_template_redirect('')
#1 C:\xampp\htdocs\wordpress\wp-includes\class-wp-hook.php(348): WP_Hook->apply_filters(NULL, Array)
#2 C:\xampp\htdocs\wordpress\wp-includes\plugin.php(517): WP_Hook->do_action(Array)
#3 C:\xampp\htdocs\wordpress\wp-includes\template-loader.php(13): do_action('template_redire...')
#4 C:\xampp\htdocs\wordpress\wp-blog-header.php(19): require_once('C:\\xampp\\htdocs...')
#5 C:\xampp\htdocs\wordpress\index.php(17): require('C:\\xampp\\htdocs...')
#6 {main}
  thrown
2025-01-28T11:39:46+00:00 Uncaught ValueError: Path cannot be empty in C:\xampp\htdocs\wordpress\contents\plugins\insert-headers-and-footers\includes\class-wpcode-snippet-execute.php(419) : eval()'d code:993
Stack trace:
#0 C:\xampp\htdocs\wordpress\wp-includes\class-wp-hook.php(324): my_video_template_redirect('')
#1 C:\xampp\htdocs\wordpress\wp-includes\class-wp-hook.php(348): WP_Hook->apply_filters(NULL, Array)
#2 C:\xampp\htdocs\wordpress\wp-includes\plugin.php(517): WP_Hook->do_action(Array)
#3 C:\xampp\htdocs\wordpress\wp-includes\template-loader.php(13): do_action('template_redire...')
#4 C:\xampp\htdocs\wordpress\wp-blog-header.php(19): require_once('C:\\xampp\\htdocs...')
#5 C:\xampp\htdocs\wordpress\index.php(17): require('C:\\xampp\\htdocs...')
#6 {main}
  thrown
2025-01-28T19:33:11+00:00 Undefined property: stdClass::$idcategory
