2025-01-25T04:25:22+00:00 Undefined property: stdClass::$idcategory
2025-01-25T15:14:13+00:00 Uncaught Error: Call to a member function fetch_assoc() on null in C:\xampp\htdocs\wordpress\contents\themes\tutorstarter\single-ieltslisteningtest.php:46
Stack trace:
#0 C:\xampp\htdocs\wordpress\contents\plugins\insert-headers-and-footers\includes\class-wpcode-snippet-execute.php(419) : eval()'d code(1189): include()
#1 C:\xampp\htdocs\wordpress\wp-includes\class-wp-hook.php(324): WPCode_Snippet_Execute->{closure}('')
#2 C:\xampp\htdocs\wordpress\wp-includes\class-wp-hook.php(348): WP_Hook->apply_filters(NULL, Array)
#3 C:\xampp\htdocs\wordpress\wp-includes\plugin.php(517): WP_Hook->do_action(Array)
#4 C:\xampp\htdocs\wordpress\wp-includes\template-loader.php(13): do_action('template_redire...')
#5 C:\xampp\htdocs\wordpress\wp-blog-header.php(19): require_once('C:\\xampp\\htdocs...')
#6 C:\xampp\htdocs\wordpress\index.php(17): require('C:\\xampp\\htdocs...')
#7 {main}
  thrown
2025-01-25T15:16:11+00:00 Cannot redeclare fetch_from_groq() (previously declared in C:\xampp\htdocs\wordpress\contents\plugins\insert-headers-and-footers\includes\class-wpcode-snippet-execute.php(419) : eval()'d code:34)
2025-01-25T15:53:57+00:00 Uncaught Error: Call to a member function bind_param() on bool in C:\xampp\htdocs\wordpress\contents\themes\tutorstarter\template\thptqg\template-get-mark-thptqg.php:31
Stack trace:
#0 C:\xampp\htdocs\wordpress\contents\plugins\insert-headers-and-footers\includes\class-wpcode-snippet-execute.php(419) : eval()'d code(1602): include()
#1 C:\xampp\htdocs\wordpress\wp-includes\class-wp-hook.php(324): WPCode_Snippet_Execute->{closure}('')
#2 C:\xampp\htdocs\wordpress\wp-includes\class-wp-hook.php(348): WP_Hook->apply_filters(NULL, Array)
#3 C:\xampp\htdocs\wordpress\wp-includes\plugin.php(517): WP_Hook->do_action(Array)
#4 C:\xampp\htdocs\wordpress\wp-includes\template-loader.php(13): do_action('template_redire...')
#5 C:\xampp\htdocs\wordpress\wp-blog-header.php(19): require_once('C:\\xampp\\htdocs...')
#6 C:\xampp\htdocs\wordpress\index.php(17): require('C:\\xampp\\htdocs...')
#7 {main}
  thrown
2025-01-25T15:53:58+00:00 Uncaught Error: Call to a member function bind_param() on bool in C:\xampp\htdocs\wordpress\contents\themes\tutorstarter\template\thptqg\template-get-mark-thptqg.php:31
Stack trace:
#0 C:\xampp\htdocs\wordpress\contents\plugins\insert-headers-and-footers\includes\class-wpcode-snippet-execute.php(419) : eval()'d code(1602): include()
#1 C:\xampp\htdocs\wordpress\wp-includes\class-wp-hook.php(324): WPCode_Snippet_Execute->{closure}('')
#2 C:\xampp\htdocs\wordpress\wp-includes\class-wp-hook.php(348): WP_Hook->apply_filters(NULL, Array)
#3 C:\xampp\htdocs\wordpress\wp-includes\plugin.php(517): WP_Hook->do_action(Array)
#4 C:\xampp\htdocs\wordpress\wp-includes\template-loader.php(13): do_action('template_redire...')
#5 C:\xampp\htdocs\wordpress\wp-blog-header.php(19): require_once('C:\\xampp\\htdocs...')
#6 C:\xampp\htdocs\wordpress\index.php(17): require('C:\\xampp\\htdocs...')
#7 {main}
  thrown
2025-01-25T16:57:28+00:00 Cannot redeclare fetch_from_groq() (previously declared in C:\xampp\htdocs\wordpress\contents\plugins\insert-headers-and-footers\includes\class-wpcode-snippet-execute.php(419) : eval()'d code:34)
2025-01-25T19:03:14+00:00 Undefined property: stdClass::$idcategory
2025-01-25T19:27:39+00:00 Uncaught Error: Call to a member function bind_param() on bool in C:\xampp\htdocs\wordpress\contents\themes\tutorstarter\template\thptqg\template-get-mark-thptqg.php:31
Stack trace:
#0 C:\xampp\htdocs\wordpress\contents\plugins\insert-headers-and-footers\includes\class-wpcode-snippet-execute.php(419) : eval()'d code(1602): include()
#1 C:\xampp\htdocs\wordpress\wp-includes\class-wp-hook.php(324): WPCode_Snippet_Execute->{closure}('')
#2 C:\xampp\htdocs\wordpress\wp-includes\class-wp-hook.php(348): WP_Hook->apply_filters(NULL, Array)
#3 C:\xampp\htdocs\wordpress\wp-includes\plugin.php(517): WP_Hook->do_action(Array)
#4 C:\xampp\htdocs\wordpress\wp-includes\template-loader.php(13): do_action('template_redire...')
#5 C:\xampp\htdocs\wordpress\wp-blog-header.php(19): require_once('C:\\xampp\\htdocs...')
#6 C:\xampp\htdocs\wordpress\index.php(17): require('C:\\xampp\\htdocs...')
#7 {main}
  thrown
2025-01-25T19:27:41+00:00 Uncaught Error: Call to a member function bind_param() on bool in C:\xampp\htdocs\wordpress\contents\themes\tutorstarter\template\thptqg\template-get-mark-thptqg.php:31
Stack trace:
#0 C:\xampp\htdocs\wordpress\contents\plugins\insert-headers-and-footers\includes\class-wpcode-snippet-execute.php(419) : eval()'d code(1602): include()
#1 C:\xampp\htdocs\wordpress\wp-includes\class-wp-hook.php(324): WPCode_Snippet_Execute->{closure}('')
#2 C:\xampp\htdocs\wordpress\wp-includes\class-wp-hook.php(348): WP_Hook->apply_filters(NULL, Array)
#3 C:\xampp\htdocs\wordpress\wp-includes\plugin.php(517): WP_Hook->do_action(Array)
#4 C:\xampp\htdocs\wordpress\wp-includes\template-loader.php(13): do_action('template_redire...')
#5 C:\xampp\htdocs\wordpress\wp-blog-header.php(19): require_once('C:\\xampp\\htdocs...')
#6 C:\xampp\htdocs\wordpress\index.php(17): require('C:\\xampp\\htdocs...')
#7 {main}
  thrown
