2024-12-19T04:28:01+00:00 Snippet "Add result test online to database" (#66) was automatically deactivated due to a fatal error.
2024-12-19T04:28:01+00:00 Undefined array key "overallband"
2024-12-19T04:32:17+00:00 Snippet "Add result test online to database" (#66) was automatically deactivated due to a fatal error.
2024-12-19T04:32:17+00:00 Undefined array key "overallband"
2024-12-19T04:33:45+00:00 Snippet "Add result test online to database" (#66) was automatically deactivated due to a fatal error.
2024-12-19T04:33:45+00:00 Undefined array key "overallband"
2024-12-19T04:50:56+00:00 Uncaught Error: Call to a member function bind_param() on bool in C:\xampp\htdocs\wordpress\contents\themes\tutorstarter\template\ieltsreadingtest\template-get-mark-ielts-reading.php:31
Stack trace:
#0 C:\xampp\htdocs\wordpress\contents\plugins\insert-headers-and-footers\includes\class-wpcode-snippet-execute.php(411) : eval()'d code(1658): include()
#1 C:\xampp\htdocs\wordpress\wp-includes\class-wp-hook.php(324): ieltsreadingtest_template_redirect('')
#2 C:\xampp\htdocs\wordpress\wp-includes\class-wp-hook.php(348): WP_Hook->apply_filters(NULL, Array)
#3 C:\xampp\htdocs\wordpress\wp-includes\plugin.php(517): WP_Hook->do_action(Array)
#4 C:\xampp\htdocs\wordpress\wp-includes\template-loader.php(13): do_action('template_redire...')
#5 C:\xampp\htdocs\wordpress\wp-blog-header.php(19): require_once('C:\\xampp\\htdocs...')
#6 C:\xampp\htdocs\wordpress\index.php(17): require('C:\\xampp\\htdocs...')
#7 {main}
  thrown
2024-12-19T04:50:59+00:00 Uncaught Error: Call to a member function bind_param() on bool in C:\xampp\htdocs\wordpress\contents\themes\tutorstarter\template\ieltsreadingtest\template-get-mark-ielts-reading.php:31
Stack trace:
#0 C:\xampp\htdocs\wordpress\contents\plugins\insert-headers-and-footers\includes\class-wpcode-snippet-execute.php(411) : eval()'d code(1658): include()
#1 C:\xampp\htdocs\wordpress\wp-includes\class-wp-hook.php(324): ieltsreadingtest_template_redirect('')
#2 C:\xampp\htdocs\wordpress\wp-includes\class-wp-hook.php(348): WP_Hook->apply_filters(NULL, Array)
#3 C:\xampp\htdocs\wordpress\wp-includes\plugin.php(517): WP_Hook->do_action(Array)
#4 C:\xampp\htdocs\wordpress\wp-includes\template-loader.php(13): do_action('template_redire...')
#5 C:\xampp\htdocs\wordpress\wp-blog-header.php(19): require_once('C:\\xampp\\htdocs...')
#6 C:\xampp\htdocs\wordpress\index.php(17): require('C:\\xampp\\htdocs...')
#7 {main}
  thrown
2024-12-19T04:51:21+00:00 Uncaught Error: Call to a member function bind_param() on bool in C:\xampp\htdocs\wordpress\contents\themes\tutorstarter\template\ieltsreadingtest\template-get-mark-ielts-reading.php:31
Stack trace:
#0 C:\xampp\htdocs\wordpress\contents\plugins\insert-headers-and-footers\includes\class-wpcode-snippet-execute.php(411) : eval()'d code(1658): include()
#1 C:\xampp\htdocs\wordpress\wp-includes\class-wp-hook.php(324): ieltsreadingtest_template_redirect('')
#2 C:\xampp\htdocs\wordpress\wp-includes\class-wp-hook.php(348): WP_Hook->apply_filters(NULL, Array)
#3 C:\xampp\htdocs\wordpress\wp-includes\plugin.php(517): WP_Hook->do_action(Array)
#4 C:\xampp\htdocs\wordpress\wp-includes\template-loader.php(13): do_action('template_redire...')
#5 C:\xampp\htdocs\wordpress\wp-blog-header.php(19): require_once('C:\\xampp\\htdocs...')
#6 C:\xampp\htdocs\wordpress\index.php(17): require('C:\\xampp\\htdocs...')
#7 {main}
  thrown
2024-12-19T09:00:08+00:00 Uncaught Error: Call to a member function bind_param() on bool in C:\xampp\htdocs\wordpress\contents\themes\tutorstarter\template\ieltsreadingtest\template-get-mark-ielts-reading.php:31
Stack trace:
#0 C:\xampp\htdocs\wordpress\contents\plugins\insert-headers-and-footers\includes\class-wpcode-snippet-execute.php(411) : eval()'d code(1658): include()
#1 C:\xampp\htdocs\wordpress\wp-includes\class-wp-hook.php(324): ieltsreadingtest_template_redirect('')
#2 C:\xampp\htdocs\wordpress\wp-includes\class-wp-hook.php(348): WP_Hook->apply_filters(NULL, Array)
#3 C:\xampp\htdocs\wordpress\wp-includes\plugin.php(517): WP_Hook->do_action(Array)
#4 C:\xampp\htdocs\wordpress\wp-includes\template-loader.php(13): do_action('template_redire...')
#5 C:\xampp\htdocs\wordpress\wp-blog-header.php(19): require_once('C:\\xampp\\htdocs...')
#6 C:\xampp\htdocs\wordpress\index.php(17): require('C:\\xampp\\htdocs...')
#7 {main}
  thrown
2024-12-19T16:53:28+00:00 Uncaught Error: mysqli object is already closed in C:\xampp\htdocs\wordpress\contents\themes\tutorstarter\template\ieltsreadingtest\template-get-mark-ielts-reading.php:171
Stack trace:
#0 C:\xampp\htdocs\wordpress\contents\themes\tutorstarter\template\ieltsreadingtest\template-get-mark-ielts-reading.php(171): mysqli->prepare('SELECT correct_...')
#1 C:\xampp\htdocs\wordpress\contents\plugins\insert-headers-and-footers\includes\class-wpcode-snippet-execute.php(411) : eval()'d code(1658): include('C:\\xampp\\htdocs...')
#2 C:\xampp\htdocs\wordpress\wp-includes\class-wp-hook.php(324): ieltsreadingtest_template_redirect('')
#3 C:\xampp\htdocs\wordpress\wp-includes\class-wp-hook.php(348): WP_Hook->apply_filters(NULL, Array)
#4 C:\xampp\htdocs\wordpress\wp-includes\plugin.php(517): WP_Hook->do_action(Array)
#5 C:\xampp\htdocs\wordpress\wp-includes\template-loader.php(13): do_action('template_redire...')
#6 C:\xampp\htdocs\wordpress\wp-blog-header.php(19): require_once('C:\\xampp\\htdocs...')
#7 C:\xampp\htdocs\wordpress\index.php(17): require('C:\\xampp\\htdocs...')
#8 {main}
  thrown
2024-12-19T16:53:35+00:00 Uncaught Error: mysqli object is already closed in C:\xampp\htdocs\wordpress\contents\themes\tutorstarter\template\ieltsreadingtest\template-get-mark-ielts-reading.php:171
Stack trace:
#0 C:\xampp\htdocs\wordpress\contents\themes\tutorstarter\template\ieltsreadingtest\template-get-mark-ielts-reading.php(171): mysqli->prepare('SELECT correct_...')
#1 C:\xampp\htdocs\wordpress\contents\plugins\insert-headers-and-footers\includes\class-wpcode-snippet-execute.php(411) : eval()'d code(1658): include('C:\\xampp\\htdocs...')
#2 C:\xampp\htdocs\wordpress\wp-includes\class-wp-hook.php(324): ieltsreadingtest_template_redirect('')
#3 C:\xampp\htdocs\wordpress\wp-includes\class-wp-hook.php(348): WP_Hook->apply_filters(NULL, Array)
#4 C:\xampp\htdocs\wordpress\wp-includes\plugin.php(517): WP_Hook->do_action(Array)
#5 C:\xampp\htdocs\wordpress\wp-includes\template-loader.php(13): do_action('template_redire...')
#6 C:\xampp\htdocs\wordpress\wp-blog-header.php(19): require_once('C:\\xampp\\htdocs...')
#7 C:\xampp\htdocs\wordpress\index.php(17): require('C:\\xampp\\htdocs...')
#8 {main}
  thrown
2024-12-19T16:54:00+00:00 Uncaught Error: mysqli object is already closed in C:\xampp\htdocs\wordpress\contents\themes\tutorstarter\template\ieltsreadingtest\template-get-mark-ielts-reading.php:172
Stack trace:
#0 C:\xampp\htdocs\wordpress\contents\themes\tutorstarter\template\ieltsreadingtest\template-get-mark-ielts-reading.php(172): mysqli->prepare('SELECT correct_...')
#1 C:\xampp\htdocs\wordpress\contents\plugins\insert-headers-and-footers\includes\class-wpcode-snippet-execute.php(411) : eval()'d code(1658): include('C:\\xampp\\htdocs...')
#2 C:\xampp\htdocs\wordpress\wp-includes\class-wp-hook.php(324): ieltsreadingtest_template_redirect('')
#3 C:\xampp\htdocs\wordpress\wp-includes\class-wp-hook.php(348): WP_Hook->apply_filters(NULL, Array)
#4 C:\xampp\htdocs\wordpress\wp-includes\plugin.php(517): WP_Hook->do_action(Array)
#5 C:\xampp\htdocs\wordpress\wp-includes\template-loader.php(13): do_action('template_redire...')
#6 C:\xampp\htdocs\wordpress\wp-blog-header.php(19): require_once('C:\\xampp\\htdocs...')
#7 C:\xampp\htdocs\wordpress\index.php(17): require('C:\\xampp\\htdocs...')
#8 {main}
  thrown
2024-12-19T16:54:13+00:00 Uncaught Error: mysqli object is already closed in C:\xampp\htdocs\wordpress\contents\themes\tutorstarter\template\ieltsreadingtest\template-get-mark-ielts-reading.php:171
Stack trace:
#0 C:\xampp\htdocs\wordpress\contents\themes\tutorstarter\template\ieltsreadingtest\template-get-mark-ielts-reading.php(171): mysqli->prepare('SELECT correct_...')
#1 C:\xampp\htdocs\wordpress\contents\plugins\insert-headers-and-footers\includes\class-wpcode-snippet-execute.php(411) : eval()'d code(1658): include('C:\\xampp\\htdocs...')
#2 C:\xampp\htdocs\wordpress\wp-includes\class-wp-hook.php(324): ieltsreadingtest_template_redirect('')
#3 C:\xampp\htdocs\wordpress\wp-includes\class-wp-hook.php(348): WP_Hook->apply_filters(NULL, Array)
#4 C:\xampp\htdocs\wordpress\wp-includes\plugin.php(517): WP_Hook->do_action(Array)
#5 C:\xampp\htdocs\wordpress\wp-includes\template-loader.php(13): do_action('template_redire...')
#6 C:\xampp\htdocs\wordpress\wp-blog-header.php(19): require_once('C:\\xampp\\htdocs...')
#7 C:\xampp\htdocs\wordpress\index.php(17): require('C:\\xampp\\htdocs...')
#8 {main}
  thrown
