2025-02-02T04:02:07+00:00 Snippet "Add result test online to database" (#66) was automatically deactivated due to a fatal error.
2025-02-02T04:02:07+00:00 Undefined array key "timeleft"
2025-02-02T18:47:00+00:00 Uncaught Error: Call to a member function get_result() on null in C:\xampp\htdocs\wordpress\contents\themes\tutorstarter\template\ieltswritingtest\template-testing.php:77
Stack trace:
#0 C:\xampp\htdocs\wordpress\contents\plugins\insert-headers-and-footers\includes\class-wpcode-snippet-execute.php(419) : eval()'d code(1411): include()
#1 C:\xampp\htdocs\wordpress\wp-includes\class-wp-hook.php(324): WPCode_Snippet_Execute->{closure}('')
#2 C:\xampp\htdocs\wordpress\wp-includes\class-wp-hook.php(348): WP_Hook->apply_filters(NULL, Array)
#3 C:\xampp\htdocs\wordpress\wp-includes\plugin.php(517): WP_Hook->do_action(Array)
#4 C:\xampp\htdocs\wordpress\wp-includes\template-loader.php(13): do_action('template_redire...')
#5 C:\xampp\htdocs\wordpress\wp-blog-header.php(19): require_once('C:\\xampp\\htdocs...')
#6 C:\xampp\htdocs\wordpress\index.php(17): require('C:\\xampp\\htdocs...')
#7 {main}
  thrown
2025-02-02T18:48:02+00:00 Uncaught TypeError: count(): Argument #1 ($value) must be of type Countable|array, string given in C:\xampp\htdocs\wordpress\contents\themes\tutorstarter\template\ieltswritingtest\template-testing.php:177
Stack trace:
#0 C:\xampp\htdocs\wordpress\contents\plugins\insert-headers-and-footers\includes\class-wpcode-snippet-execute.php(419) : eval()'d code(1411): include()
#1 C:\xampp\htdocs\wordpress\wp-includes\class-wp-hook.php(324): WPCode_Snippet_Execute->{closure}('')
#2 C:\xampp\htdocs\wordpress\wp-includes\class-wp-hook.php(348): WP_Hook->apply_filters(NULL, Array)
#3 C:\xampp\htdocs\wordpress\wp-includes\plugin.php(517): WP_Hook->do_action(Array)
#4 C:\xampp\htdocs\wordpress\wp-includes\template-loader.php(13): do_action('template_redire...')
#5 C:\xampp\htdocs\wordpress\wp-blog-header.php(19): require_once('C:\\xampp\\htdocs...')
#6 C:\xampp\htdocs\wordpress\index.php(17): require('C:\\xampp\\htdocs...')
#7 {main}
  thrown
2025-02-02T18:48:03+00:00 Uncaught TypeError: count(): Argument #1 ($value) must be of type Countable|array, string given in C:\xampp\htdocs\wordpress\contents\themes\tutorstarter\template\ieltswritingtest\template-testing.php:177
Stack trace:
#0 C:\xampp\htdocs\wordpress\contents\plugins\insert-headers-and-footers\includes\class-wpcode-snippet-execute.php(419) : eval()'d code(1411): include()
#1 C:\xampp\htdocs\wordpress\wp-includes\class-wp-hook.php(324): WPCode_Snippet_Execute->{closure}('')
#2 C:\xampp\htdocs\wordpress\wp-includes\class-wp-hook.php(348): WP_Hook->apply_filters(NULL, Array)
#3 C:\xampp\htdocs\wordpress\wp-includes\plugin.php(517): WP_Hook->do_action(Array)
#4 C:\xampp\htdocs\wordpress\wp-includes\template-loader.php(13): do_action('template_redire...')
#5 C:\xampp\htdocs\wordpress\wp-blog-header.php(19): require_once('C:\\xampp\\htdocs...')
#6 C:\xampp\htdocs\wordpress\index.php(17): require('C:\\xampp\\htdocs...')
#7 {main}
  thrown
2025-02-02T18:48:47+00:00 Uncaught TypeError: count(): Argument #1 ($value) must be of type Countable|array, string given in C:\xampp\htdocs\wordpress\contents\themes\tutorstarter\template\ieltswritingtest\template-testing.php:177
Stack trace:
#0 C:\xampp\htdocs\wordpress\contents\plugins\insert-headers-and-footers\includes\class-wpcode-snippet-execute.php(419) : eval()'d code(1411): include()
#1 C:\xampp\htdocs\wordpress\wp-includes\class-wp-hook.php(324): WPCode_Snippet_Execute->{closure}('')
#2 C:\xampp\htdocs\wordpress\wp-includes\class-wp-hook.php(348): WP_Hook->apply_filters(NULL, Array)
#3 C:\xampp\htdocs\wordpress\wp-includes\plugin.php(517): WP_Hook->do_action(Array)
#4 C:\xampp\htdocs\wordpress\wp-includes\template-loader.php(13): do_action('template_redire...')
#5 C:\xampp\htdocs\wordpress\wp-blog-header.php(19): require_once('C:\\xampp\\htdocs...')
#6 C:\xampp\htdocs\wordpress\index.php(17): require('C:\\xampp\\htdocs...')
#7 {main}
  thrown
2025-02-02T18:48:58+00:00 Uncaught TypeError: count(): Argument #1 ($value) must be of type Countable|array, string given in C:\xampp\htdocs\wordpress\contents\themes\tutorstarter\template\ieltswritingtest\template-testing.php:177
Stack trace:
#0 C:\xampp\htdocs\wordpress\contents\plugins\insert-headers-and-footers\includes\class-wpcode-snippet-execute.php(419) : eval()'d code(1411): include()
#1 C:\xampp\htdocs\wordpress\wp-includes\class-wp-hook.php(324): WPCode_Snippet_Execute->{closure}('')
#2 C:\xampp\htdocs\wordpress\wp-includes\class-wp-hook.php(348): WP_Hook->apply_filters(NULL, Array)
#3 C:\xampp\htdocs\wordpress\wp-includes\plugin.php(517): WP_Hook->do_action(Array)
#4 C:\xampp\htdocs\wordpress\wp-includes\template-loader.php(13): do_action('template_redire...')
#5 C:\xampp\htdocs\wordpress\wp-blog-header.php(19): require_once('C:\\xampp\\htdocs...')
#6 C:\xampp\htdocs\wordpress\index.php(17): require('C:\\xampp\\htdocs...')
#7 {main}
  thrown
2025-02-02T18:50:40+00:00 Uncaught TypeError: count(): Argument #1 ($value) must be of type Countable|array, string given in C:\xampp\htdocs\wordpress\contents\themes\tutorstarter\template\ieltswritingtest\template-testing.php:182
Stack trace:
#0 C:\xampp\htdocs\wordpress\contents\plugins\insert-headers-and-footers\includes\class-wpcode-snippet-execute.php(419) : eval()'d code(1411): include()
#1 C:\xampp\htdocs\wordpress\wp-includes\class-wp-hook.php(324): WPCode_Snippet_Execute->{closure}('')
#2 C:\xampp\htdocs\wordpress\wp-includes\class-wp-hook.php(348): WP_Hook->apply_filters(NULL, Array)
#3 C:\xampp\htdocs\wordpress\wp-includes\plugin.php(517): WP_Hook->do_action(Array)
#4 C:\xampp\htdocs\wordpress\wp-includes\template-loader.php(13): do_action('template_redire...')
#5 C:\xampp\htdocs\wordpress\wp-blog-header.php(19): require_once('C:\\xampp\\htdocs...')
#6 C:\xampp\htdocs\wordpress\index.php(17): require('C:\\xampp\\htdocs...')
#7 {main}
  thrown
2025-02-02T19:56:47+00:00 Uncaught Error: Call to a member function fetch_assoc() on null in C:\xampp\htdocs\wordpress\contents\themes\tutorstarter\template\shadowing\shadowing-start-template.php:51
Stack trace:
#0 C:\xampp\htdocs\wordpress\contents\plugins\insert-headers-and-footers\includes\class-wpcode-snippet-execute.php(419) : eval()'d code(1156): include()
#1 C:\xampp\htdocs\wordpress\wp-includes\class-wp-hook.php(324): WPCode_Snippet_Execute->{closure}('')
#2 C:\xampp\htdocs\wordpress\wp-includes\class-wp-hook.php(348): WP_Hook->apply_filters(NULL, Array)
#3 C:\xampp\htdocs\wordpress\wp-includes\plugin.php(517): WP_Hook->do_action(Array)
#4 C:\xampp\htdocs\wordpress\wp-includes\template-loader.php(13): do_action('template_redire...')
#5 C:\xampp\htdocs\wordpress\wp-blog-header.php(19): require_once('C:\\xampp\\htdocs...')
#6 C:\xampp\htdocs\wordpress\index.php(17): require('C:\\xampp\\htdocs...')
#7 {main}
  thrown
2025-02-02T19:56:59+00:00 Uncaught Error: Call to a member function fetch_assoc() on null in C:\xampp\htdocs\wordpress\contents\themes\tutorstarter\template\shadowing\shadowing-start-template.php:124
Stack trace:
#0 C:\xampp\htdocs\wordpress\contents\plugins\insert-headers-and-footers\includes\class-wpcode-snippet-execute.php(419) : eval()'d code(1156): include()
#1 C:\xampp\htdocs\wordpress\wp-includes\class-wp-hook.php(324): WPCode_Snippet_Execute->{closure}('')
#2 C:\xampp\htdocs\wordpress\wp-includes\class-wp-hook.php(348): WP_Hook->apply_filters(NULL, Array)
#3 C:\xampp\htdocs\wordpress\wp-includes\plugin.php(517): WP_Hook->do_action(Array)
#4 C:\xampp\htdocs\wordpress\wp-includes\template-loader.php(13): do_action('template_redire...')
#5 C:\xampp\htdocs\wordpress\wp-blog-header.php(19): require_once('C:\\xampp\\htdocs...')
#6 C:\xampp\htdocs\wordpress\index.php(17): require('C:\\xampp\\htdocs...')
#7 {main}
  thrown
