2025-04-04T09:00:41+00:00 include(): Failed opening 'C:\xampp\htdocs\wordpress/contents/themes/tutorstarter/template/custom-api/tests/FinalieltsSpeaking.php' for inclusion (include_path='C:\xampp\php\PEAR')
2025-04-04T09:03:51+00:00 include(): Failed opening 'C:\xampp\htdocs\wordpress/contents/themes/tutorstarter/template/custom-api/tests/FinalieltsSpeaking.php' for inclusion (include_path='C:\xampp\php\PEAR')
2025-04-04T09:06:16+00:00 include(): Failed opening 'C:\xampp\htdocs\wordpress/contents/themes/tutorstarter/template/custom-api/tests/FinalieltsSpeaking.php' for inclusion (include_path='C:\xampp\php\PEAR')
2025-04-04T09:10:24+00:00 include(): Failed opening 'C:\xampp\htdocs\wordpress/contents/themes/tutorstarter/template/custom-api/tests/FinalieltsSpeaking.php' for inclusion (include_path='C:\xampp\php\PEAR')
2025-04-04T10:10:06+00:00 include(): Failed opening 'C:\xampp\htdocs\wordpress/contents/themes/tutorstarter/template/custom-api/tests/FinalieltsSpeaking.php' for inclusion (include_path='C:\xampp\php\PEAR')
2025-04-04T10:10:41+00:00 include(): Failed opening 'C:\xampp\htdocs\wordpress/contents/themes/tutorstarter/template/custom-api/tests/FinalieltsSpeaking.php' for inclusion (include_path='C:\xampp\php\PEAR')
2025-04-04T10:10:54+00:00 include(): Failed opening 'C:\xampp\htdocs\wordpress/contents/themes/tutorstarter/template/custom-api/tests/FinalieltsSpeaking.php' for inclusion (include_path='C:\xampp\php\PEAR')
2025-04-04T10:33:56+00:00 Snippet "Add result test online to database (and target, plan)" (#66) was automatically deactivated due to a fatal error.
2025-04-04T10:33:56+00:00 Undefined variable $new_testsavenumber
2025-04-04T10:38:44+00:00 Snippet "Add result test online to database (and target, plan)" (#66) was automatically deactivated due to a fatal error.
2025-04-04T10:38:44+00:00 Undefined variable $new_testsavenumber
2025-04-04T10:44:53+00:00 Snippet "Add result test online to database (and target, plan)" (#66) was automatically deactivated due to a fatal error.
2025-04-04T10:44:53+00:00 Undefined variable $new_testsavenumber
2025-04-04T11:42:34+00:00 Uncaught ValueError: Path cannot be empty in C:\xampp\htdocs\wordpress\contents\plugins\insert-headers-and-footers\includes\class-wpcode-snippet-execute.php(419) : eval()'d code:1459
Stack trace:
#0 C:\xampp\htdocs\wordpress\wp-includes\class-wp-hook.php(324): WPCode_Snippet_Execute->{closure}('')
#1 C:\xampp\htdocs\wordpress\wp-includes\class-wp-hook.php(348): WP_Hook->apply_filters(NULL, Array)
#2 C:\xampp\htdocs\wordpress\wp-includes\plugin.php(517): WP_Hook->do_action(Array)
#3 C:\xampp\htdocs\wordpress\wp-includes\template-loader.php(13): do_action('template_redire...')
#4 C:\xampp\htdocs\wordpress\wp-blog-header.php(19): require_once('C:\\xampp\\htdocs...')
#5 C:\xampp\htdocs\wordpress\index.php(17): require('C:\\xampp\\htdocs...')
#6 {main}
  thrown
2025-04-04T11:42:35+00:00 Uncaught ValueError: Path cannot be empty in C:\xampp\htdocs\wordpress\contents\plugins\insert-headers-and-footers\includes\class-wpcode-snippet-execute.php(419) : eval()'d code:1459
Stack trace:
#0 C:\xampp\htdocs\wordpress\wp-includes\class-wp-hook.php(324): WPCode_Snippet_Execute->{closure}('')
#1 C:\xampp\htdocs\wordpress\wp-includes\class-wp-hook.php(348): WP_Hook->apply_filters(NULL, Array)
#2 C:\xampp\htdocs\wordpress\wp-includes\plugin.php(517): WP_Hook->do_action(Array)
#3 C:\xampp\htdocs\wordpress\wp-includes\template-loader.php(13): do_action('template_redire...')
#4 C:\xampp\htdocs\wordpress\wp-blog-header.php(19): require_once('C:\\xampp\\htdocs...')
#5 C:\xampp\htdocs\wordpress\index.php(17): require('C:\\xampp\\htdocs...')
#6 {main}
  thrown
2025-04-04T12:16:11+00:00 Uncaught TypeError: array_column(): Argument #1 ($array) must be of type array, null given in C:\xampp\htdocs\wordpress\contents\themes\tutorstarter\template\ielts\ieltsspeakingtests\template-get-mark-speaking.php:491
Stack trace:
#0 C:\xampp\htdocs\wordpress\contents\themes\tutorstarter\template\ielts\ieltsspeakingtests\template-get-mark-speaking.php(491): array_column(NULL, 'id_test')
#1 C:\xampp\htdocs\wordpress\contents\plugins\insert-headers-and-footers\includes\class-wpcode-snippet-execute.php(419) : eval()'d code(1459): include('C:\\xampp\\htdocs...')
#2 C:\xampp\htdocs\wordpress\wp-includes\class-wp-hook.php(324): WPCode_Snippet_Execute->{closure}('')
#3 C:\xampp\htdocs\wordpress\wp-includes\class-wp-hook.php(348): WP_Hook->apply_filters(NULL, Array)
#4 C:\xampp\htdocs\wordpress\wp-includes\plugin.php(517): WP_Hook->do_action(Array)
#5 C:\xampp\htdocs\wordpress\wp-includes\template-loader.php(13): do_action('template_redire...')
#6 C:\xampp\htdocs\wordpress\wp-blog-header.php(19): require_once('C:\\xampp\\htdocs...')
#7 C:\xampp\htdocs\wordpress\index.php(17): require('C:\\xampp\\htdocs...')
#8 {main}
  thrown
2025-04-04T12:53:02+00:00 Snippet "Add result test online to database (and target, plan)" (#66) was automatically deactivated due to a fatal error.
2025-04-04T12:53:02+00:00 Undefined variable $new_testsavenumber
2025-04-04T12:58:44+00:00 Snippet "Add result test online to database (and target, plan)" (#66) was automatically deactivated due to a fatal error.
2025-04-04T12:58:44+00:00 Undefined variable $new_testsavenumber
2025-04-04T13:03:29+00:00 Snippet "Add result test online to database (and target, plan)" (#66) was automatically deactivated due to a fatal error.
2025-04-04T13:03:29+00:00 Undefined variable $new_testsavenumber
2025-04-04T15:00:38+00:00 Uncaught TypeError: array_column(): Argument #1 ($array) must be of type array, null given in C:\xampp\htdocs\wordpress\contents\themes\tutorstarter\template\ielts\ieltsspeakingtests\template-get-mark-speaking.php:625
Stack trace:
#0 C:\xampp\htdocs\wordpress\contents\themes\tutorstarter\template\ielts\ieltsspeakingtests\template-get-mark-speaking.php(625): array_column(NULL, 'id_test')
#1 C:\xampp\htdocs\wordpress\contents\plugins\insert-headers-and-footers\includes\class-wpcode-snippet-execute.php(419) : eval()'d code(1459): include('C:\\xampp\\htdocs...')
#2 C:\xampp\htdocs\wordpress\wp-includes\class-wp-hook.php(324): WPCode_Snippet_Execute->{closure}('')
#3 C:\xampp\htdocs\wordpress\wp-includes\class-wp-hook.php(348): WP_Hook->apply_filters(NULL, Array)
#4 C:\xampp\htdocs\wordpress\wp-includes\plugin.php(517): WP_Hook->do_action(Array)
#5 C:\xampp\htdocs\wordpress\wp-includes\template-loader.php(13): do_action('template_redire...')
#6 C:\xampp\htdocs\wordpress\wp-blog-header.php(19): require_once('C:\\xampp\\htdocs...')
#7 C:\xampp\htdocs\wordpress\index.php(17): require('C:\\xampp\\htdocs...')
#8 {main}
  thrown
2025-04-04T15:00:41+00:00 Uncaught TypeError: array_column(): Argument #1 ($array) must be of type array, null given in C:\xampp\htdocs\wordpress\contents\themes\tutorstarter\template\ielts\ieltsspeakingtests\template-get-mark-speaking.php:625
Stack trace:
#0 C:\xampp\htdocs\wordpress\contents\themes\tutorstarter\template\ielts\ieltsspeakingtests\template-get-mark-speaking.php(625): array_column(NULL, 'id_test')
#1 C:\xampp\htdocs\wordpress\contents\plugins\insert-headers-and-footers\includes\class-wpcode-snippet-execute.php(419) : eval()'d code(1459): include('C:\\xampp\\htdocs...')
#2 C:\xampp\htdocs\wordpress\wp-includes\class-wp-hook.php(324): WPCode_Snippet_Execute->{closure}('')
#3 C:\xampp\htdocs\wordpress\wp-includes\class-wp-hook.php(348): WP_Hook->apply_filters(NULL, Array)
#4 C:\xampp\htdocs\wordpress\wp-includes\plugin.php(517): WP_Hook->do_action(Array)
#5 C:\xampp\htdocs\wordpress\wp-includes\template-loader.php(13): do_action('template_redire...')
#6 C:\xampp\htdocs\wordpress\wp-blog-header.php(19): require_once('C:\\xampp\\htdocs...')
#7 C:\xampp\htdocs\wordpress\index.php(17): require('C:\\xampp\\htdocs...')
#8 {main}
  thrown
2025-04-04T16:03:41+00:00 Uncaught TypeError: array_column(): Argument #1 ($array) must be of type array, null given in C:\xampp\htdocs\wordpress\contents\themes\tutorstarter\template\ielts\ieltsspeakingtests\template-get-mark-speaking.php:624
Stack trace:
#0 C:\xampp\htdocs\wordpress\contents\themes\tutorstarter\template\ielts\ieltsspeakingtests\template-get-mark-speaking.php(624): array_column(NULL, 'id_test')
#1 C:\xampp\htdocs\wordpress\contents\plugins\insert-headers-and-footers\includes\class-wpcode-snippet-execute.php(419) : eval()'d code(1459): include('C:\\xampp\\htdocs...')
#2 C:\xampp\htdocs\wordpress\wp-includes\class-wp-hook.php(324): WPCode_Snippet_Execute->{closure}('')
#3 C:\xampp\htdocs\wordpress\wp-includes\class-wp-hook.php(348): WP_Hook->apply_filters(NULL, Array)
#4 C:\xampp\htdocs\wordpress\wp-includes\plugin.php(517): WP_Hook->do_action(Array)
#5 C:\xampp\htdocs\wordpress\wp-includes\template-loader.php(13): do_action('template_redire...')
#6 C:\xampp\htdocs\wordpress\wp-blog-header.php(19): require_once('C:\\xampp\\htdocs...')
#7 C:\xampp\htdocs\wordpress\index.php(17): require('C:\\xampp\\htdocs...')
#8 {main}
  thrown
