2024-12-23T02:56:12+00:00 Cannot redeclare checkGrammarAndSpelling() (previously declared in C:\xampp\htdocs\wordpress\contents\plugins\insert-headers-and-footers-3\includes\class-wpcode-snippet-execute.php(411) : eval()'d code:288)
2024-12-23T03:07:31+00:00 Snippet "custom_dashboard (add test performance and course)" (#1082) was automatically deactivated due to a fatal error.
2024-12-23T03:07:31+00:00 syntax error, unexpected token "=>"
2024-12-23T03:18:13+00:00 Snippet "custom_dashboard (add test performance and course)" (#1082) was automatically deactivated due to a fatal error.
2024-12-23T03:18:13+00:00 syntax error, unexpected token "=>"
2024-12-23T03:18:24+00:00 syntax error, unexpected token "=>"
2024-12-23T05:27:42+00:00 Uncaught Error: Call to a member function get_var() on null in C:\xampp\htdocs\wordpress\contents\themes\tutorstarter\template\analysis-test-online\analysis-test.php:97
Stack trace:
#0 C:\xampp\htdocs\wordpress\contents\plugins\insert-headers-and-footers-3\includes\class-wpcode-snippet-execute.php(411) : eval()'d code(1009): include()
#1 C:\xampp\htdocs\wordpress\wp-includes\class-wp-hook.php(324): analysis_tests_template_redirect('')
#2 C:\xampp\htdocs\wordpress\wp-includes\class-wp-hook.php(348): WP_Hook->apply_filters(NULL, Array)
#3 C:\xampp\htdocs\wordpress\wp-includes\plugin.php(517): WP_Hook->do_action(Array)
#4 C:\xampp\htdocs\wordpress\wp-includes\template-loader.php(13): do_action('template_redire...')
#5 C:\xampp\htdocs\wordpress\wp-blog-header.php(19): require_once('C:\\xampp\\htdocs...')
#6 C:\xampp\htdocs\wordpress\index.php(17): require('C:\\xampp\\htdocs...')
#7 {main}
  thrown
2024-12-23T05:28:19+00:00 Uncaught Error: Call to a member function get_var() on null in C:\xampp\htdocs\wordpress\contents\themes\tutorstarter\template\analysis-test-online\analysis-test.php:97
Stack trace:
#0 C:\xampp\htdocs\wordpress\contents\plugins\insert-headers-and-footers-3\includes\class-wpcode-snippet-execute.php(411) : eval()'d code(1009): include()
#1 C:\xampp\htdocs\wordpress\wp-includes\class-wp-hook.php(324): analysis_tests_template_redirect('')
#2 C:\xampp\htdocs\wordpress\wp-includes\class-wp-hook.php(348): WP_Hook->apply_filters(NULL, Array)
#3 C:\xampp\htdocs\wordpress\wp-includes\plugin.php(517): WP_Hook->do_action(Array)
#4 C:\xampp\htdocs\wordpress\wp-includes\template-loader.php(13): do_action('template_redire...')
#5 C:\xampp\htdocs\wordpress\wp-blog-header.php(19): require_once('C:\\xampp\\htdocs...')
#6 C:\xampp\htdocs\wordpress\index.php(17): require('C:\\xampp\\htdocs...')
#7 {main}
  thrown
2024-12-23T05:38:36+00:00 Undefined property: stdClass::$idcategory
2024-12-23T05:38:38+00:00 Undefined property: stdClass::$idcategory
2024-12-23T05:38:40+00:00 Undefined property: stdClass::$idcategory
2024-12-23T13:04:43+00:00 Uncaught ValueError: Path cannot be empty in C:\xampp\htdocs\wordpress\contents\plugins\insert-headers-and-footers-3\includes\class-wpcode-snippet-execute.php(411) : eval()'d code:3643
Stack trace:
#0 C:\xampp\htdocs\wordpress\wp-includes\class-wp-hook.php(324): conversation_ai_template_redirect('')
#1 C:\xampp\htdocs\wordpress\wp-includes\class-wp-hook.php(348): WP_Hook->apply_filters(NULL, Array)
#2 C:\xampp\htdocs\wordpress\wp-includes\plugin.php(517): WP_Hook->do_action(Array)
#3 C:\xampp\htdocs\wordpress\wp-includes\template-loader.php(13): do_action('template_redire...')
#4 C:\xampp\htdocs\wordpress\wp-blog-header.php(19): require_once('C:\\xampp\\htdocs...')
#5 C:\xampp\htdocs\wordpress\index.php(17): require('C:\\xampp\\htdocs...')
#6 {main}
  thrown
2024-12-23T14:16:38+00:00 Undefined property: stdClass::$idcategory
2024-12-23T14:22:23+00:00 Undefined property: stdClass::$idcategory
2024-12-23T14:23:21+00:00 Undefined property: stdClass::$idcategory
2024-12-23T14:23:47+00:00 Undefined property: stdClass::$idcategory
2024-12-23T14:56:24+00:00 Undefined property: stdClass::$idcategory
2024-12-23T16:50:09+00:00 Undefined property: stdClass::$idcategory
