2025-01-03T07:45:30+00:00 Uncaught Error: Undefined constant "push" in C:\xampp\htdocs\wordpress\contents\themes\tutorstarter\template\ieltsreadingtest\template-testing-reading-ielts.php:149
Stack trace:
#0 C:\xampp\htdocs\wordpress\contents\plugins\insert-headers-and-footers-3\includes\class-wpcode-snippet-execute.php(411) : eval()'d code(2269): include()
#1 C:\xampp\htdocs\wordpress\wp-includes\class-wp-hook.php(324): ieltsreadingtest_template_redirect('')
#2 C:\xampp\htdocs\wordpress\wp-includes\class-wp-hook.php(348): WP_Hook->apply_filters(NULL, Array)
#3 C:\xampp\htdocs\wordpress\wp-includes\plugin.php(517): WP_Hook->do_action(Array)
#4 C:\xampp\htdocs\wordpress\wp-includes\template-loader.php(13): do_action('template_redire...')
#5 C:\xampp\htdocs\wordpress\wp-blog-header.php(19): require_once('C:\\xampp\\htdocs...')
#6 C:\xampp\htdocs\wordpress\index.php(17): require('C:\\xampp\\htdocs...')
#7 {main}
  thrown
2025-01-03T07:46:00+00:00 Uncaught Error: Call to undefined function push() in C:\xampp\htdocs\wordpress\contents\themes\tutorstarter\template\ieltsreadingtest\template-testing-reading-ielts.php:148
Stack trace:
#0 C:\xampp\htdocs\wordpress\contents\plugins\insert-headers-and-footers-3\includes\class-wpcode-snippet-execute.php(411) : eval()'d code(2269): include()
#1 C:\xampp\htdocs\wordpress\wp-includes\class-wp-hook.php(324): ieltsreadingtest_template_redirect('')
#2 C:\xampp\htdocs\wordpress\wp-includes\class-wp-hook.php(348): WP_Hook->apply_filters(NULL, Array)
#3 C:\xampp\htdocs\wordpress\wp-includes\plugin.php(517): WP_Hook->do_action(Array)
#4 C:\xampp\htdocs\wordpress\wp-includes\template-loader.php(13): do_action('template_redire...')
#5 C:\xampp\htdocs\wordpress\wp-blog-header.php(19): require_once('C:\\xampp\\htdocs...')
#6 C:\xampp\htdocs\wordpress\index.php(17): require('C:\\xampp\\htdocs...')
#7 {main}
  thrown
2025-01-03T12:06:56+00:00 Snippet "Add result test online to database" (#66) was automatically deactivated due to a fatal error.
2025-01-03T12:06:56+00:00 Undefined property: stdClass::$id
