2024-12-21T07:11:06+00:00 Uncaught TypeError: array_column(): Argument #1 ($array) must be of type array, null given in C:\xampp\htdocs\wordpress\contents\themes\tutorstarter\template\ieltsspeakingtests\template-get-mark-speaking.php:590
Stack trace:
#0 C:\xampp\htdocs\wordpress\contents\themes\tutorstarter\template\ieltsspeakingtests\template-get-mark-speaking.php(590): array_column(NULL, 'id_test')
#1 C:\xampp\htdocs\wordpress\contents\plugins\insert-headers-and-footers\includes\class-wpcode-snippet-execute.php(411) : eval()'d code(1379): include('C:\\xampp\\htdocs...')
#2 C:\xampp\htdocs\wordpress\wp-includes\class-wp-hook.php(324): ieltsspeakingtests_template_redirect('')
#3 C:\xampp\htdocs\wordpress\wp-includes\class-wp-hook.php(348): WP_Hook->apply_filters(NULL, Array)
#4 C:\xampp\htdocs\wordpress\wp-includes\plugin.php(517): WP_Hook->do_action(Array)
#5 C:\xampp\htdocs\wordpress\wp-includes\template-loader.php(13): do_action('template_redire...')
#6 C:\xampp\htdocs\wordpress\wp-blog-header.php(19): require_once('C:\\xampp\\htdocs...')
#7 C:\xampp\htdocs\wordpress\index.php(17): require('C:\\xampp\\htdocs...')
#8 {main}
  thrown
2024-12-21T07:11:10+00:00 Uncaught TypeError: array_column(): Argument #1 ($array) must be of type array, null given in C:\xampp\htdocs\wordpress\contents\themes\tutorstarter\template\ieltsspeakingtests\template-get-mark-speaking.php:590
Stack trace:
#0 C:\xampp\htdocs\wordpress\contents\themes\tutorstarter\template\ieltsspeakingtests\template-get-mark-speaking.php(590): array_column(NULL, 'id_test')
#1 C:\xampp\htdocs\wordpress\contents\plugins\insert-headers-and-footers\includes\class-wpcode-snippet-execute.php(411) : eval()'d code(1379): include('C:\\xampp\\htdocs...')
#2 C:\xampp\htdocs\wordpress\wp-includes\class-wp-hook.php(324): ieltsspeakingtests_template_redirect('')
#3 C:\xampp\htdocs\wordpress\wp-includes\class-wp-hook.php(348): WP_Hook->apply_filters(NULL, Array)
#4 C:\xampp\htdocs\wordpress\wp-includes\plugin.php(517): WP_Hook->do_action(Array)
#5 C:\xampp\htdocs\wordpress\wp-includes\template-loader.php(13): do_action('template_redire...')
#6 C:\xampp\htdocs\wordpress\wp-blog-header.php(19): require_once('C:\\xampp\\htdocs...')
#7 C:\xampp\htdocs\wordpress\index.php(17): require('C:\\xampp\\htdocs...')
#8 {main}
  thrown
2024-12-21T07:11:22+00:00 Cannot redeclare add_custom_query_vars() (previously declared in C:\xampp\htdocs\wordpress\contents\plugins\insert-headers-and-footers\includes\class-wpcode-snippet-execute.php(411) : eval()'d code:581)
2024-12-21T07:22:03+00:00 Uncaught TypeError: array_column(): Argument #1 ($array) must be of type array, null given in C:\xampp\htdocs\wordpress\contents\themes\tutorstarter\template\ieltsspeakingtests\template-get-mark-speaking.php:590
Stack trace:
#0 C:\xampp\htdocs\wordpress\contents\themes\tutorstarter\template\ieltsspeakingtests\template-get-mark-speaking.php(590): array_column(NULL, 'id_test')
#1 C:\xampp\htdocs\wordpress\contents\plugins\insert-headers-and-footers\includes\class-wpcode-snippet-execute.php(411) : eval()'d code(1379): include('C:\\xampp\\htdocs...')
#2 C:\xampp\htdocs\wordpress\wp-includes\class-wp-hook.php(324): ieltsspeakingtests_template_redirect('')
#3 C:\xampp\htdocs\wordpress\wp-includes\class-wp-hook.php(348): WP_Hook->apply_filters(NULL, Array)
#4 C:\xampp\htdocs\wordpress\wp-includes\plugin.php(517): WP_Hook->do_action(Array)
#5 C:\xampp\htdocs\wordpress\wp-includes\template-loader.php(13): do_action('template_redire...')
#6 C:\xampp\htdocs\wordpress\wp-blog-header.php(19): require_once('C:\\xampp\\htdocs...')
#7 C:\xampp\htdocs\wordpress\index.php(17): require('C:\\xampp\\htdocs...')
#8 {main}
  thrown
2024-12-21T07:52:05+00:00 Uncaught TypeError: array_column(): Argument #1 ($array) must be of type array, null given in C:\xampp\htdocs\wordpress\contents\themes\tutorstarter\template\ieltsspeakingtests\template-get-mark-speaking.php:590
Stack trace:
#0 C:\xampp\htdocs\wordpress\contents\themes\tutorstarter\template\ieltsspeakingtests\template-get-mark-speaking.php(590): array_column(NULL, 'id_test')
#1 C:\xampp\htdocs\wordpress\contents\plugins\insert-headers-and-footers\includes\class-wpcode-snippet-execute.php(411) : eval()'d code(1379): include('C:\\xampp\\htdocs...')
#2 C:\xampp\htdocs\wordpress\wp-includes\class-wp-hook.php(324): ieltsspeakingtests_template_redirect('')
#3 C:\xampp\htdocs\wordpress\wp-includes\class-wp-hook.php(348): WP_Hook->apply_filters(NULL, Array)
#4 C:\xampp\htdocs\wordpress\wp-includes\plugin.php(517): WP_Hook->do_action(Array)
#5 C:\xampp\htdocs\wordpress\wp-includes\template-loader.php(13): do_action('template_redire...')
#6 C:\xampp\htdocs\wordpress\wp-blog-header.php(19): require_once('C:\\xampp\\htdocs...')
#7 C:\xampp\htdocs\wordpress\index.php(17): require('C:\\xampp\\htdocs...')
#8 {main}
  thrown
2024-12-21T11:32:01+00:00 Undefined property: stdClass::$idcategory
2024-12-21T15:25:08+00:00 Undefined property: stdClass::$idcategory
2024-12-21T15:25:09+00:00 Undefined property: stdClass::$idcategory
2024-12-21T15:53:43+00:00 Snippet "custom_dashboard (add test performance and course)" (#1082) was automatically deactivated due to a fatal error.
2024-12-21T15:53:43+00:00 syntax error, unexpected identifier "s", expecting "]"
2024-12-21T16:09:51+00:00 Snippet "custom_dashboard (add test performance and course)" (#1082) was automatically deactivated due to a fatal error.
2024-12-21T16:09:51+00:00 Cannot redeclare add_some_links_dashboard() (previously declared in C:\xampp\htdocs\wordpress\contents\plugins\insert-headers-and-footers\includes\class-wpcode-snippet-execute.php(411) : eval()'d code:2)
2024-12-21T16:42:33+00:00 Snippet "custom_dashboard (add test performance and course)" (#1082) was automatically deactivated due to a fatal error.
2024-12-21T16:42:33+00:00 Unclosed '{' on line 2
2024-12-21T16:42:44+00:00 Unclosed '{' on line 2
2024-12-21T16:45:38+00:00 Undefined property: stdClass::$idcategory
2024-12-21T16:46:57+00:00 Undefined property: stdClass::$idcategory
2024-12-21T16:46:59+00:00 Undefined property: stdClass::$idcategory
2024-12-21T16:49:51+00:00 Undefined property: stdClass::$idcategory
2024-12-21T16:50:09+00:00 Snippet "custom_dashboard (add test performance and course)" (#1082) was automatically deactivated due to a fatal error.
2024-12-21T16:50:09+00:00 syntax error, unexpected token "=>"
2024-12-21T16:50:56+00:00 Undefined property: stdClass::$idcategory
2024-12-21T16:51:27+00:00 Undefined property: stdClass::$idcategory
2024-12-21T16:51:30+00:00 Undefined property: stdClass::$idcategory
2024-12-21T16:51:37+00:00 Undefined property: stdClass::$idcategory
2024-12-21T16:59:28+00:00 Undefined property: stdClass::$idcategory
2024-12-21T17:05:54+00:00 Undefined property: stdClass::$idcategory
2024-12-21T17:18:33+00:00 Undefined property: stdClass::$idcategory
2024-12-21T17:23:30+00:00 Snippet "custom_dashboard (add test performance and course)" (#1082) was automatically deactivated due to a fatal error.
2024-12-21T17:23:30+00:00 syntax error, unexpected string content "<thead>"
