2024-12-20T03:21:50+00:00 Undefined property: stdClass::$idcategory
2024-12-20T03:37:03+00:00 Undefined property: stdClass::$idcategory
2024-12-20T05:22:30+00:00 Uncaught Error: Call to undefined function getCorrectAnswerForQuestion() in C:\xampp\htdocs\wordpress\contents\themes\tutorstarter\template\ieltsreadingtest\template-get-mark-ielts-reading.php:179
Stack trace:
#0 C:\xampp\htdocs\wordpress\contents\plugins\insert-headers-and-footers\includes\class-wpcode-snippet-execute.php(411) : eval()'d code(1658): include()
#1 C:\xampp\htdocs\wordpress\wp-includes\class-wp-hook.php(324): ieltsreadingtest_template_redirect('')
#2 C:\xampp\htdocs\wordpress\wp-includes\class-wp-hook.php(348): WP_Hook->apply_filters(NULL, Array)
#3 C:\xampp\htdocs\wordpress\wp-includes\plugin.php(517): WP_Hook->do_action(Array)
#4 C:\xampp\htdocs\wordpress\wp-includes\template-loader.php(13): do_action('template_redire...')
#5 C:\xampp\htdocs\wordpress\wp-blog-header.php(19): require_once('C:\\xampp\\htdocs...')
#6 C:\xampp\htdocs\wordpress\index.php(17): require('C:\\xampp\\htdocs...')
#7 {main}
  thrown
2024-12-20T05:22:58+00:00 Snippet "thptqg_type" (#882) was automatically deactivated due to a fatal error.
2024-12-20T05:22:58+00:00 Cannot redeclare register_thptqg_post_type() (previously declared in C:\xampp\htdocs\wordpress\contents\plugins\insert-headers-and-footers\includes\class-wpcode-snippet-execute.php(411) : eval()'d code:140)
2024-12-20T09:19:18+00:00 Undefined property: stdClass::$idcategory
2024-12-20T10:47:20+00:00 Undefined property: stdClass::$idcategory
2024-12-20T11:20:40+00:00 Undefined property: stdClass::$idcategory
2024-12-20T11:44:57+00:00 Undefined property: stdClass::$idcategory
2024-12-20T11:48:12+00:00 Undefined property: stdClass::$idcategory
2024-12-20T12:13:05+00:00 Undefined property: stdClass::$idcategory
