2024-12-22T06:36:00+00:00 Cannot redeclare checkGrammarAndSpelling() (previously declared in C:\xampp\htdocs\wordpress\contents\plugins\insert-headers-and-footers\includes\class-wpcode-snippet-execute.php(411) : eval()'d code:287)
2024-12-22T15:58:29+00:00 syntax error, unexpected variable "$decrease_words"
2024-12-22T15:59:35+00:00 syntax error, unexpected variable "$decrease_words"
2024-12-22T16:00:45+00:00 syntax error, unexpected token "const", expecting identifier
2024-12-22T16:01:34+00:00 syntax error, unexpected variable "$decrease_words"
2024-12-22T16:03:23+00:00 syntax error, unexpected variable "$decrease_words"
2024-12-22T16:04:20+00:00 syntax error, unexpected variable "$decrease_words"
2024-12-22T16:07:47+00:00 Uncaught Error: Undefined constant "answer" in C:\xampp\htdocs\wordpress\contents\plugins\insert-headers-and-footers\includes\class-wpcode-snippet-execute.php(411) : eval()'d code:229
Stack trace:
#0 C:\xampp\htdocs\wordpress\wp-includes\rest-api\class-wp-rest-server.php(1292): handle_analysis_request(Object(WP_REST_Request))
#1 C:\xampp\htdocs\wordpress\wp-includes\rest-api\class-wp-rest-server.php(1125): WP_REST_Server->respond_to_request(Object(WP_REST_Request), '/api/v1/analysi...', Array, NULL)
#2 C:\xampp\htdocs\wordpress\wp-includes\rest-api\class-wp-rest-server.php(439): WP_REST_Server->dispatch(Object(WP_REST_Request))
#3 C:\xampp\htdocs\wordpress\wp-includes\rest-api.php(449): WP_REST_Server->serve_request('/api/v1/analysi...')
#4 C:\xampp\htdocs\wordpress\wp-includes\class-wp-hook.php(324): rest_api_loaded(Object(WP))
#5 C:\xampp\htdocs\wordpress\wp-includes\class-wp-hook.php(348): WP_Hook->apply_filters('', Array)
#6 C:\xampp\htdocs\wordpress\wp-includes\plugin.php(565): WP_Hook->do_action(Array)
#7 C:\xampp\htdocs\wordpress\wp-includes\class-wp.php(418): do_action_ref_array('parse_request', Array)
#8 C:\xampp\htdocs\wordpress\wp-includes\class-wp.php(813): WP->parse_request('')
#9 C:\xampp\htdocs\wordpress\wp-includes\functions.php(1336): WP->main('')
#10 C:\xampp\htdocs\wordpress\wp-blog-header.php(16): wp()
#11 C:\xampp\htdocs\wordpress\index.php(17): require('C:\\xampp\\htdocs...')
#12 {main}
  thrown
2024-12-22T16:08:41+00:00 Uncaught Error: Undefined constant "answer" in C:\xampp\htdocs\wordpress\contents\plugins\insert-headers-and-footers\includes\class-wpcode-snippet-execute.php(411) : eval()'d code:229
Stack trace:
#0 C:\xampp\htdocs\wordpress\wp-includes\rest-api\class-wp-rest-server.php(1292): handle_analysis_request(Object(WP_REST_Request))
#1 C:\xampp\htdocs\wordpress\wp-includes\rest-api\class-wp-rest-server.php(1125): WP_REST_Server->respond_to_request(Object(WP_REST_Request), '/api/v1/analysi...', Array, NULL)
#2 C:\xampp\htdocs\wordpress\wp-includes\rest-api\class-wp-rest-server.php(439): WP_REST_Server->dispatch(Object(WP_REST_Request))
#3 C:\xampp\htdocs\wordpress\wp-includes\rest-api.php(449): WP_REST_Server->serve_request('/api/v1/analysi...')
#4 C:\xampp\htdocs\wordpress\wp-includes\class-wp-hook.php(324): rest_api_loaded(Object(WP))
#5 C:\xampp\htdocs\wordpress\wp-includes\class-wp-hook.php(348): WP_Hook->apply_filters('', Array)
#6 C:\xampp\htdocs\wordpress\wp-includes\plugin.php(565): WP_Hook->do_action(Array)
#7 C:\xampp\htdocs\wordpress\wp-includes\class-wp.php(418): do_action_ref_array('parse_request', Array)
#8 C:\xampp\htdocs\wordpress\wp-includes\class-wp.php(813): WP->parse_request('')
#9 C:\xampp\htdocs\wordpress\wp-includes\functions.php(1336): WP->main('')
#10 C:\xampp\htdocs\wordpress\wp-blog-header.php(16): wp()
#11 C:\xampp\htdocs\wordpress\index.php(17): require('C:\\xampp\\htdocs...')
#12 {main}
  thrown
2024-12-22T16:10:46+00:00 Uncaught Error: Undefined constant "sample" in C:\xampp\htdocs\wordpress\contents\plugins\insert-headers-and-footers\includes\class-wpcode-snippet-execute.php(411) : eval()'d code:237
Stack trace:
#0 C:\xampp\htdocs\wordpress\wp-includes\rest-api\class-wp-rest-server.php(1292): handle_analysis_request(Object(WP_REST_Request))
#1 C:\xampp\htdocs\wordpress\wp-includes\rest-api\class-wp-rest-server.php(1125): WP_REST_Server->respond_to_request(Object(WP_REST_Request), '/api/v1/analysi...', Array, NULL)
#2 C:\xampp\htdocs\wordpress\wp-includes\rest-api\class-wp-rest-server.php(439): WP_REST_Server->dispatch(Object(WP_REST_Request))
#3 C:\xampp\htdocs\wordpress\wp-includes\rest-api.php(449): WP_REST_Server->serve_request('/api/v1/analysi...')
#4 C:\xampp\htdocs\wordpress\wp-includes\class-wp-hook.php(324): rest_api_loaded(Object(WP))
#5 C:\xampp\htdocs\wordpress\wp-includes\class-wp-hook.php(348): WP_Hook->apply_filters('', Array)
#6 C:\xampp\htdocs\wordpress\wp-includes\plugin.php(565): WP_Hook->do_action(Array)
#7 C:\xampp\htdocs\wordpress\wp-includes\class-wp.php(418): do_action_ref_array('parse_request', Array)
#8 C:\xampp\htdocs\wordpress\wp-includes\class-wp.php(813): WP->parse_request('')
#9 C:\xampp\htdocs\wordpress\wp-includes\functions.php(1336): WP->main('')
#10 C:\xampp\htdocs\wordpress\wp-blog-header.php(16): wp()
#11 C:\xampp\htdocs\wordpress\index.php(17): require('C:\\xampp\\htdocs...')
#12 {main}
  thrown
2024-12-22T16:11:33+00:00 foreach() argument must be of type array|object, null given
2024-12-22T17:14:02+00:00 foreach() argument must be of type array|object, null given
2024-12-22T17:41:11+00:00 strtolower(): Passing null to parameter #1 ($string) of type string is deprecated
